d:\oscpack\msvs2015-project\oscpack.dir\debug\oscpack.pdb
d:\oscpack\msvs2015-project\oscpack.dir\debug\oscoutboundpacketstream.obj
d:\oscpack\msvs2015-project\oscpack.dir\debug\oscprintreceivedelements.obj
d:\oscpack\msvs2015-project\oscpack.dir\debug\oscreceivedelements.obj
d:\oscpack\msvs2015-project\oscpack.dir\debug\osctypes.obj
d:\oscpack\msvs2015-project\oscpack.dir\debug\udpsocket.obj
d:\oscpack\msvs2015-project\oscpack.dir\debug\networkingutils.obj
d:\oscpack\msvs2015-project\oscpack.dir\debug\ipendpointname.obj
d:\oscpack\msvs2015-project\cmakefiles\generate.stamp
d:\oscpack\msvs2015-project\debug\oscpack.lib
d:\oscpack\msvs2015-project\debug\oscpack.pdb
d:\oscpack\msvs2015-project\oscpack.dir\debug\oscpack.tlog\cl.command.1.tlog
d:\oscpack\msvs2015-project\oscpack.dir\debug\oscpack.tlog\cl.read.1.tlog
d:\oscpack\msvs2015-project\oscpack.dir\debug\oscpack.tlog\cl.write.1.tlog
d:\oscpack\msvs2015-project\oscpack.dir\debug\oscpack.tlog\custombuild.command.1.tlog
d:\oscpack\msvs2015-project\oscpack.dir\debug\oscpack.tlog\custombuild.read.1.tlog
d:\oscpack\msvs2015-project\oscpack.dir\debug\oscpack.tlog\custombuild.write.1.tlog
d:\oscpack\msvs2015-project\oscpack.dir\debug\oscpack.tlog\lib-link.read.1.tlog
d:\oscpack\msvs2015-project\oscpack.dir\debug\oscpack.tlog\lib-link.write.1.tlog
d:\oscpack\msvs2015-project\oscpack.dir\debug\oscpack.tlog\lib.command.1.tlog
